[0424/151450.646:ERROR:net\disk_cache\cache_util_win.cc:25] Unable to move the cache: Access is denied. (0x5)
[0424/151450.646:ERROR:net\disk_cache\cache_util_win.cc:25] Unable to move the cache: Access is denied. (0x5)
[0424/151450.647:ERROR:net\disk_cache\disk_cache.cc:272] Unable to create cache
[0424/151450.647:ERROR:gpu\ipc\host\gpu_disk_cache.cc:725] Gpu Cache Creation failed: -2
[0424/151450.647:ERROR:net\disk_cache\disk_cache.cc:272] Unable to create cache
[0424/151450.646:ERROR:net\disk_cache\cache_util_win.cc:25] Unable to move the cache: Access is denied. (0x5)
[0424/151450.647:ERROR:gpu\ipc\host\gpu_disk_cache.cc:725] Gpu Cache Creation failed: -2
[0424/151450.648:ERROR:net\disk_cache\disk_cache.cc:272] Unable to create cache
[0424/151450.648:ERROR:gpu\ipc\host\gpu_disk_cache.cc:725] Gpu Cache Creation failed: -2
[0424/151452.672:WARNING:components\leveldb_proto\internal\leveldb_database.cc:124] Unable to open D:\Office_Project\Keywordscraper\tiktok_session\Default\shared_proto_db\metadata: IO error: D:\Office_Project\Keywordscraper\tiktok_session\Default\shared_proto_db\metadata/LOCK: Access denied. (ChromeMethodBFE: 15::LockFile::5)
[0424/151453.672:ERROR:components\services\storage\service_worker\service_worker_storage.cc:1808] Failed to delete the database: Database IO error
[0424/151454.690:WARNING:components\leveldb_proto\internal\leveldb_database.cc:124] Unable to open D:\Office_Project\Keywordscraper\tiktok_session\Default\shared_proto_db\metadata: IO error: D:\Office_Project\Keywordscraper\tiktok_session\Default\shared_proto_db\metadata/LOCK: Access denied. (ChromeMethodBFE: 15::LockFile::5)
[0424/151456.707:WARNING:components\leveldb_proto\internal\leveldb_database.cc:124] Unable to open D:\Office_Project\Keywordscraper\tiktok_session\Default\shared_proto_db\metadata: IO error: D:\Office_Project\Keywordscraper\tiktok_session\Default\shared_proto_db\metadata/LOCK: Access denied. (ChromeMethodBFE: 15::LockFile::5)
[0424/151458.739:WARNING:components\leveldb_proto\internal\leveldb_database.cc:124] Unable to open D:\Office_Project\Keywordscraper\tiktok_session\Default\shared_proto_db\metadata: IO error: D:\Office_Project\Keywordscraper\tiktok_session\Default\shared_proto_db\metadata/LOCK: Access denied. (ChromeMethodBFE: 15::LockFile::5)
[0424/151500.375:INFO:CONSOLE:2] "set global cache [object Object]", source: https://sf16-website-login.neutral.ttwstatic.com/obj/tiktok_web_login_static/tiktok/webapp/main/react-v18/webapp-desktop/explore-prefetch.475ca71e.js (2)
[0424/151500.473:INFO:CONSOLE:1] "Reflect is already polyfilled.", source: https://sf16-website-login.neutral.ttwstatic.com/obj/tiktok_web_login_static/tiktok/webapp/main/react-v18/webapp-desktop/static/js/webapp-desktop.f355f5fb.js (1)
[0424/151500.569:INFO:CONSOLE:1] "AppContext will be overwritten", source: https://sf16-website-login.neutral.ttwstatic.com/obj/tiktok_web_login_static/tiktok/webapp/main/react-v18/webapp-desktop/static/js/webapp-desktop.f355f5fb.js (1)
[0424/151500.569:INFO:CONSOLE:1] "AppContext will be overwritten", source: https://sf16-website-login.neutral.ttwstatic.com/obj/tiktok_web_login_static/tiktok/webapp/main/react-v18/webapp-desktop/static/js/webapp-desktop.f355f5fb.js (1)
[0424/151500.569:INFO:CONSOLE:1] "AppContext will be overwritten", source: https://sf16-website-login.neutral.ttwstatic.com/obj/tiktok_web_login_static/tiktok/webapp/main/react-v18/webapp-desktop/static/js/webapp-desktop.f355f5fb.js (1)
[0424/151500.569:INFO:CONSOLE:1] "AppContext will be overwritten", source: https://sf16-website-login.neutral.ttwstatic.com/obj/tiktok_web_login_static/tiktok/webapp/main/react-v18/webapp-desktop/static/js/webapp-desktop.f355f5fb.js (1)
[0424/151500.571:INFO:CONSOLE:1] "AppContext will be overwritten", source: https://sf16-website-login.neutral.ttwstatic.com/obj/tiktok_web_login_static/tiktok/webapp/main/react-v18/webapp-desktop/static/js/webapp-desktop.f355f5fb.js (1)
[0424/151500.575:INFO:CONSOLE:1] "AppContext will be overwritten", source: https://sf16-website-login.neutral.ttwstatic.com/obj/tiktok_web_login_static/tiktok/webapp/main/react-v18/webapp-desktop/static/js/webapp-desktop.f355f5fb.js (1)
[0424/151500.575:INFO:CONSOLE:1] "AppContext will be overwritten", source: https://sf16-website-login.neutral.ttwstatic.com/obj/tiktok_web_login_static/tiktok/webapp/main/react-v18/webapp-desktop/static/js/webapp-desktop.f355f5fb.js (1)
[0424/151500.575:INFO:CONSOLE:1] "AppContext will be overwritten", source: https://sf16-website-login.neutral.ttwstatic.com/obj/tiktok_web_login_static/tiktok/webapp/main/react-v18/webapp-desktop/static/js/webapp-desktop.f355f5fb.js (1)
[0424/151500.576:INFO:CONSOLE:1] "AppContext will be overwritten", source: https://sf16-website-login.neutral.ttwstatic.com/obj/tiktok_web_login_static/tiktok/webapp/main/react-v18/webapp-desktop/static/js/webapp-desktop.f355f5fb.js (1)
[0424/151500.614:INFO:CONSOLE:1] "AppContext will be overwritten", source: https://sf16-website-login.neutral.ttwstatic.com/obj/tiktok_web_login_static/tiktok/webapp/main/react-v18/webapp-desktop/static/js/webapp-desktop.f355f5fb.js (1)
[0424/151500.618:INFO:CONSOLE:1] "AppContext will be overwritten", source: https://sf16-website-login.neutral.ttwstatic.com/obj/tiktok_web_login_static/tiktok/webapp/main/react-v18/webapp-desktop/static/js/webapp-desktop.f355f5fb.js (1)
[0424/151500.620:INFO:CONSOLE:2] "loadable: `loadableReady()` requires state, please use `getScriptTags` or `getScriptElements` server-side", source: https://sf16-website-login.neutral.ttwstatic.com/obj/tiktok_web_login_static/tiktok/webapp/main/react-v18/webapp-desktop/static/js/85026.aba28444.js (2)
[0424/151500.775:INFO:CONSOLE:1] "Error: Unable to determine theme from timezone. Falling back to local time-based method. Error: Timezone "Asia/Katmandu" not found", source: https://sf16-website-login.neutral.ttwstatic.com/obj/tiktok_web_login_static/tiktok/webapp/main/react-v18/webapp-desktop/static/js/webapp-desktop.f355f5fb.js (1)
[0424/151500.927:INFO:CONSOLE:1] "Error: Unable to determine theme from timezone. Falling back to local time-based method. Error: Timezone "Asia/Katmandu" not found", source: https://sf16-website-login.neutral.ttwstatic.com/obj/tiktok_web_login_static/tiktok/webapp/main/react-v18/webapp-desktop/static/js/webapp-desktop.f355f5fb.js (1)
[0424/151501.005:INFO:CONSOLE:1] ".", source: https://sf16-website-login.neutral.ttwstatic.com/obj/tiktok_web_login_static/webmssdk/1.0.0.368/webmssdk.js (1)
[0424/151501.165:INFO:CONSOLE:1] "Error", source: https://sf16-website-login.neutral.ttwstatic.com/obj/tiktok_web_login_static/webmssdk/1.0.0.368/webmssdk.js (1)
[0424/151501.167:INFO:CONSOLE:1] "Error", source: https://sf16-website-login.neutral.ttwstatic.com/obj/tiktok_web_login_static/webmssdk/1.0.0.368/webmssdk.js (1)
[0424/151501.462:INFO:CONSOLE:2] "ws.opened", source: https://sf16-website-login.neutral.ttwstatic.com/obj/tiktok_web_login_static/tiktok/webapp/main/react-v18/webapp-desktop/static/js/async/64887.aa44c2fe.js (2)
[0424/151501.464:INFO:CONSOLE:1] "[SDK] 1777023001464        0 already inited", source: https://sf16-website-login.neutral.ttwstatic.com/obj/tiktok_web_login_static/slardar/fe/sdk-web/browser.sg.js?bid=tiktok_webapp&globalName=SlardarClient (1)
[0424/151501.611:INFO:CONSOLE:1] "Check show get coins entrance failed TypeError: Cannot read properties of undefined (reading 'data')", source: https://sf16-website-login.neutral.ttwstatic.com/obj/tiktok_web_login_static/tiktok/webapp/main/react-v18/webapp-desktop/static/js/webapp-desktop.f355f5fb.js (1)
[0424/151501.737:INFO:CONSOLE:1] "Reflect is already polyfilled.", source: https://sf16-website-login.neutral.ttwstatic.com/obj/tiktok_web_login_static/tiktok/webapp/main/react-v18/webapp-desktop/static/js/webapp-desktop.f355f5fb.js (1)
[0424/151501.791:INFO:CONSOLE:1] "Consume appContext before init", source: https://sf16-website-login.neutral.ttwstatic.com/obj/tiktok_web_login_static/tiktok/webapp/main/react-v18/webapp-desktop/static/js/webapp-desktop.f355f5fb.js (1)
[0424/151502.653:INFO:CONSOLE:2] "Uncaught Error: Minified React error #418; visit https://reactjs.org/docs/error-decoder.html?invariant=418 for the full message or use the non-minified dev environment for full errors and additional helpful warnings.", source: https://sf16-website-login.neutral.ttwstatic.com/obj/tiktok_web_login_static/tiktok/webapp/main/react-v18/webapp-desktop/static/js/npm-react.c4ee0173.js (2)
[0424/151502.655:INFO:CONSOLE:2] "Uncaught Error: Minified React error #418; visit https://reactjs.org/docs/error-decoder.html?invariant=418 for the full message or use the non-minified dev environment for full errors and additional helpful warnings.", source: https://sf16-website-login.neutral.ttwstatic.com/obj/tiktok_web_login_static/tiktok/webapp/main/react-v18/webapp-desktop/static/js/npm-react.c4ee0173.js (2)
[0424/151502.655:INFO:CONSOLE:2] "Uncaught Error: Minified React error #418; visit https://reactjs.org/docs/error-decoder.html?invariant=418 for the full message or use the non-minified dev environment for full errors and additional helpful warnings.", source: https://sf16-website-login.neutral.ttwstatic.com/obj/tiktok_web_login_static/tiktok/webapp/main/react-v18/webapp-desktop/static/js/npm-react.c4ee0173.js (2)
[0424/151502.655:INFO:CONSOLE:2] "Uncaught Error: Minified React error #418; visit https://reactjs.org/docs/error-decoder.html?invariant=418 for the full message or use the non-minified dev environment for full errors and additional helpful warnings.", source: https://sf16-website-login.neutral.ttwstatic.com/obj/tiktok_web_login_static/tiktok/webapp/main/react-v18/webapp-desktop/static/js/npm-react.c4ee0173.js (2)
[0424/151502.655:INFO:CONSOLE:2] "Uncaught Error: Minified React error #418; visit https://reactjs.org/docs/error-decoder.html?invariant=418 for the full message or use the non-minified dev environment for full errors and additional helpful warnings.", source: https://sf16-website-login.neutral.ttwstatic.com/obj/tiktok_web_login_static/tiktok/webapp/main/react-v18/webapp-desktop/static/js/npm-react.c4ee0173.js (2)
[0424/151502.655:INFO:CONSOLE:2] "Uncaught Error: Minified React error #418; visit https://reactjs.org/docs/error-decoder.html?invariant=418 for the full message or use the non-minified dev environment for full errors and additional helpful warnings.", source: https://sf16-website-login.neutral.ttwstatic.com/obj/tiktok_web_login_static/tiktok/webapp/main/react-v18/webapp-desktop/static/js/npm-react.c4ee0173.js (2)
[0424/151502.655:INFO:CONSOLE:2] "Uncaught Error: Minified React error #423; visit https://reactjs.org/docs/error-decoder.html?invariant=423 for the full message or use the non-minified dev environment for full errors and additional helpful warnings.", source: https://sf16-website-login.neutral.ttwstatic.com/obj/tiktok_web_login_static/tiktok/webapp/main/react-v18/webapp-desktop/static/js/npm-react.c4ee0173.js (2)
[0424/151502.662:INFO:CONSOLE:1] "Error: Unable to determine theme from timezone. Falling back to local time-based method. Error: Timezone "Asia/Katmandu" not found", source: https://sf16-website-login.neutral.ttwstatic.com/obj/tiktok_web_login_static/tiktok/webapp/main/react-v18/webapp-desktop/static/js/webapp-desktop.f355f5fb.js (1)
[0424/151502.891:INFO:CONSOLE:1] "[i18n] missing key en Webapp embed embed", source: https://sf16-website-login.neutral.ttwstatic.com/obj/tiktok_web_login_static/tiktok/webapp/main/react-v18/webapp-desktop/static/js/biz.common.lib.3b1474fa.js (1)
[0424/151502.945:INFO:CONSOLE:1] ".", source: https://sf16-website-login.neutral.ttwstatic.com/obj/tiktok_web_login_static/webmssdk/1.0.0.368/webmssdk.js (1)
[0424/151502.977:INFO:CONSOLE:1] "Error", source: https://sf16-website-login.neutral.ttwstatic.com/obj/tiktok_web_login_static/webmssdk/1.0.0.368/webmssdk.js (1)
[0424/151502.978:INFO:CONSOLE:1] "Error", source: https://sf16-website-login.neutral.ttwstatic.com/obj/tiktok_web_login_static/webmssdk/1.0.0.368/webmssdk.js (1)
[0424/151503.087:INFO:CONSOLE:1] "Error", source: https://sf16-website-login.neutral.ttwstatic.com/obj/tiktok_web_login_static/webmssdk/1.0.0.368/webmssdk.js (1)
[0424/151503.188:INFO:CONSOLE:2] "ws.opened", source: https://sf16-website-login.neutral.ttwstatic.com/obj/tiktok_web_login_static/tiktok/webapp/main/react-v18/webapp-desktop/static/js/async/64887.aa44c2fe.js (2)
[0424/151503.188:INFO:CONSOLE:1] "[SDK] 1777023003188        0 already inited", source: https://sf16-website-login.neutral.ttwstatic.com/obj/tiktok_web_login_static/slardar/fe/sdk-web/browser.sg.js?bid=tiktok_webapp&globalName=SlardarClient (1)
[0424/151503.342:INFO:CONSOLE:1] "[i18n] missing key en Webapp desktop_kb_shortcuts_tooltip_title desktop_kb_shortcuts_tooltip_title", source: https://sf16-website-login.neutral.ttwstatic.com/obj/tiktok_web_login_static/tiktok/webapp/main/react-v18/webapp-desktop/static/js/biz.common.lib.3b1474fa.js (1)
[0424/151503.343:INFO:CONSOLE:1] "[i18n] missing key en Webapp desktop_kb_shortcuts_tooltip_previous desktop_kb_shortcuts_tooltip_previous", source: https://sf16-website-login.neutral.ttwstatic.com/obj/tiktok_web_login_static/tiktok/webapp/main/react-v18/webapp-desktop/static/js/biz.common.lib.3b1474fa.js (1)
[0424/151503.343:INFO:CONSOLE:1] "[i18n] missing key en Webapp desktop_kb_shortcuts_tooltip_next desktop_kb_shortcuts_tooltip_next", source: https://sf16-website-login.neutral.ttwstatic.com/obj/tiktok_web_login_static/tiktok/webapp/main/react-v18/webapp-desktop/static/js/biz.common.lib.3b1474fa.js (1)
[0424/151503.343:INFO:CONSOLE:1] "[i18n] missing key en Webapp desktop_kb_shortcuts_tooltip_like_vid desktop_kb_shortcuts_tooltip_like_vid", source: https://sf16-website-login.neutral.ttwstatic.com/obj/tiktok_web_login_static/tiktok/webapp/main/react-v18/webapp-desktop/static/js/biz.common.lib.3b1474fa.js (1)
[0424/151503.344:INFO:CONSOLE:1] "[i18n] missing key en Webapp desktop_kb_shortcuts_tooltip_mute_unmute_vid desktop_kb_shortcuts_tooltip_mute_unmute_vid", source: https://sf16-website-login.neutral.ttwstatic.com/obj/tiktok_web_login_static/tiktok/webapp/main/react-v18/webapp-desktop/static/js/biz.common.lib.3b1474fa.js (1)
[0424/151503.382:INFO:CONSOLE:1] "Error", source: https://sf16-website-login.neutral.ttwstatic.com/obj/tiktok_web_login_static/webmssdk/1.0.0.368/webmssdk.js (1)
[0424/151503.432:INFO:CONSOLE:1] "[object DOMException]", source: https://sf16-website-login.neutral.ttwstatic.com/obj/tiktok_web_login_static/tiktok/webapp/main/react-v18/webapp-desktop/static/js/async/24640.fe5b8c3d.js (1)
[0424/151504.218:INFO:CONSOLE:1] "Error", source: https://sf16-website-login.neutral.ttwstatic.com/obj/tiktok_web_login_static/ttweb_webmssdk_ex/1.0.0.2524/webmssdk_ex.js (1)
[0424/151504.270:INFO:CONSOLE:1] "Error", source: https://sf16-website-login.neutral.ttwstatic.com/obj/tiktok_web_login_static/ttweb_webmssdk_ex/1.0.0.2524/webmssdk_ex.js (1)
[0424/151504.385:INFO:CONSOLE:0] "Access to XMLHttpRequest at 'https://mon.tiktokv.com/monitor_browser/collect/batch/?biz_id=tiktok_webapp' from origin 'https://www.tiktok.com' has been blocked by CORS policy: Response to preflight request doesn't pass access control check: No 'Access-Control-Allow-Origin' header is present on the requested resource.", source: https://www.tiktok.com/tag/NepaliCreator (0)
[0424/151504.798:ERROR:content\browser\indexed_db\instance\leveldb\backing_store.cc:250] Failed to open LevelDB database from D:\Office_Project\Keywordscraper\tiktok_session\Default\IndexedDB\https_www.tiktok.com_0.indexeddb.leveldb,IO error: D:\Office_Project\Keywordscraper\tiktok_session\Default\IndexedDB\https_www.tiktok.com_0.indexeddb.leveldb/LOCK: Access denied. (ChromeMethodBFE: 15::LockFile::5)
[0424/151506.002:INFO:CONSOLE:0] "Access to XMLHttpRequest at 'https://mon.tiktokv.com/monitor_browser/collect/batch/?biz_id=pns_cookie_banner_slardar' from origin 'https://www.tiktok.com' has been blocked by CORS policy: Response to preflight request doesn't pass access control check: No 'Access-Control-Allow-Origin' header is present on the requested resource.", source: https://www.tiktok.com/tag/NepaliCreator (0)
[0424/151506.816:INFO:CONSOLE:0] "Access to XMLHttpRequest at 'https://mon.tiktokv.com/monitor_browser/collect/batch/?biz_id=tiktok_webapp' from origin 'https://www.tiktok.com' has been blocked by CORS policy: Response to preflight request doesn't pass access control check: No 'Access-Control-Allow-Origin' header is present on the requested resource.", source: https://www.tiktok.com/tag/NepaliCreator (0)
[0424/151506.822:ERROR:content\browser\indexed_db\instance\leveldb\backing_store.cc:250] Failed to open LevelDB database from D:\Office_Project\Keywordscraper\tiktok_session\Default\IndexedDB\https_www.tiktok.com_0.indexeddb.leveldb,IO error: D:\Office_Project\Keywordscraper\tiktok_session\Default\IndexedDB\https_www.tiktok.com_0.indexeddb.leveldb/LOCK: Access denied. (ChromeMethodBFE: 15::LockFile::5)
[0424/151508.644:INFO:CONSOLE:0] "Access to XMLHttpRequest at 'https://mon.tiktokv.com/monitor_browser/collect/batch/?biz_id=tiktok_webapp' from origin 'https://www.tiktok.com' has been blocked by CORS policy: Response to preflight request doesn't pass access control check: No 'Access-Control-Allow-Origin' header is present on the requested resource.", source: https://www.tiktok.com/tag/NepaliCreator (0)
[0424/151508.857:ERROR:content\browser\indexed_db\instance\leveldb\backing_store.cc:250] Failed to open LevelDB database from D:\Office_Project\Keywordscraper\tiktok_session\Default\IndexedDB\https_www.tiktok.com_0.indexeddb.leveldb,IO error: D:\Office_Project\Keywordscraper\tiktok_session\Default\IndexedDB\https_www.tiktok.com_0.indexeddb.leveldb/LOCK: Access denied. (ChromeMethodBFE: 15::LockFile::5)
[0424/151510.871:ERROR:content\browser\indexed_db\instance\leveldb\backing_store.cc:250] Failed to open LevelDB database from D:\Office_Project\Keywordscraper\tiktok_session\Default\IndexedDB\https_www.tiktok.com_0.indexeddb.leveldb,IO error: D:\Office_Project\Keywordscraper\tiktok_session\Default\IndexedDB\https_www.tiktok.com_0.indexeddb.leveldb/LOCK: Access denied. (ChromeMethodBFE: 15::LockFile::5)
[0424/151510.872:INFO:CONSOLE:2] "Dexie: Workaround for Chrome UnknownError on open()", source: https://sf16-website-login.neutral.ttwstatic.com/obj/tiktok_web_login_static/tiktok/webapp/main/react-v18/webapp-desktop/static/js/async/64887.aa44c2fe.js (2)
[0424/151512.891:ERROR:content\browser\indexed_db\instance\leveldb\backing_store.cc:250] Failed to open LevelDB database from D:\Office_Project\Keywordscraper\tiktok_session\Default\IndexedDB\https_www.tiktok.com_0.indexeddb.leveldb,IO error: D:\Office_Project\Keywordscraper\tiktok_session\Default\IndexedDB\https_www.tiktok.com_0.indexeddb.leveldb/LOCK: Access denied. (ChromeMethodBFE: 15::LockFile::5)
[0424/151514.904:ERROR:content\browser\indexed_db\instance\leveldb\backing_store.cc:250] Failed to open LevelDB database from D:\Office_Project\Keywordscraper\tiktok_session\Default\IndexedDB\https_www.tiktok.com_0.indexeddb.leveldb,IO error: D:\Office_Project\Keywordscraper\tiktok_session\Default\IndexedDB\https_www.tiktok.com_0.indexeddb.leveldb/LOCK: Access denied. (ChromeMethodBFE: 15::LockFile::5)
[0424/151514.905:INFO:CONSOLE:2] "Dexie: Workaround for Chrome UnknownError on open()", source: https://sf16-website-login.neutral.ttwstatic.com/obj/tiktok_web_login_static/tiktok/webapp/main/react-v18/webapp-desktop/static/js/async/64887.aa44c2fe.js (2)
[0424/151516.940:ERROR:content\browser\indexed_db\instance\leveldb\backing_store.cc:250] Failed to open LevelDB database from D:\Office_Project\Keywordscraper\tiktok_session\Default\IndexedDB\https_www.tiktok.com_0.indexeddb.leveldb,IO error: D:\Office_Project\Keywordscraper\tiktok_session\Default\IndexedDB\https_www.tiktok.com_0.indexeddb.leveldb/LOCK: Access denied. (ChromeMethodBFE: 15::LockFile::5)
[0424/151518.954:ERROR:content\browser\indexed_db\instance\leveldb\backing_store.cc:250] Failed to open LevelDB database from D:\Office_Project\Keywordscraper\tiktok_session\Default\IndexedDB\https_www.tiktok.com_0.indexeddb.leveldb,IO error: D:\Office_Project\Keywordscraper\tiktok_session\Default\IndexedDB\https_www.tiktok.com_0.indexeddb.leveldb/LOCK: Access denied. (ChromeMethodBFE: 15::LockFile::5)
[0424/151518.955:INFO:CONSOLE:2] "Dexie: Workaround for Chrome UnknownError on open()", source: https://sf16-website-login.neutral.ttwstatic.com/obj/tiktok_web_login_static/tiktok/webapp/main/react-v18/webapp-desktop/static/js/async/64887.aa44c2fe.js (2)
[0424/151520.976:ERROR:content\browser\indexed_db\instance\leveldb\backing_store.cc:250] Failed to open LevelDB database from D:\Office_Project\Keywordscraper\tiktok_session\Default\IndexedDB\https_www.tiktok.com_0.indexeddb.leveldb,IO error: D:\Office_Project\Keywordscraper\tiktok_session\Default\IndexedDB\https_www.tiktok.com_0.indexeddb.leveldb/LOCK: Access denied. (ChromeMethodBFE: 15::LockFile::5)
[0424/151522.996:ERROR:content\browser\indexed_db\instance\leveldb\backing_store.cc:250] Failed to open LevelDB database from D:\Office_Project\Keywordscraper\tiktok_session\Default\IndexedDB\https_www.tiktok.com_0.indexeddb.leveldb,IO error: D:\Office_Project\Keywordscraper\tiktok_session\Default\IndexedDB\https_www.tiktok.com_0.indexeddb.leveldb/LOCK: Access denied. (ChromeMethodBFE: 15::LockFile::5)
[0424/151524.275:INFO:CONSOLE:0] "Access to XMLHttpRequest at 'https://mon.tiktokv.com/monitor_browser/collect/batch/?biz_id=tiktok_webapp' from origin 'https://www.tiktok.com' has been blocked by CORS policy: Response to preflight request doesn't pass access control check: No 'Access-Control-Allow-Origin' header is present on the requested resource.", source: https://www.tiktok.com/tag/NepaliCreator (0)
[0424/151532.607:INFO:CONSOLE:1] "error Error: Timeout", source: https://sf16-website-login.neutral.ttwstatic.com/obj/tiktok_web_login_static/tiktok/webapp/main/react-v18/webapp-desktop/static/js/webapp-desktop.f355f5fb.js (1)
[0424/151534.467:INFO:CONSOLE:0] "Access to XMLHttpRequest at 'https://mon.tiktokv.com/monitor_browser/collect/batch/?biz_id=tiktok_webapp' from origin 'https://www.tiktok.com' has been blocked by CORS policy: Response to preflight request doesn't pass access control check: No 'Access-Control-Allow-Origin' header is present on the requested resource.", source: https://www.tiktok.com/tag/NepaliCreator (0)
[0424/151604.461:INFO:CONSOLE:0] "Access to XMLHttpRequest at 'https://mon.tiktokv.com/monitor_browser/collect/batch/?biz_id=tiktok_webapp' from origin 'https://www.tiktok.com' has been blocked by CORS policy: Response to preflight request doesn't pass access control check: No 'Access-Control-Allow-Origin' header is present on the requested resource.", source: https://www.tiktok.com/tag/NepaliCreator (0)
[0424/151605.694:INFO:CONSOLE:0] "Access to XMLHttpRequest at 'https://mon.tiktokv.com/monitor_browser/collect/batch/?biz_id=tiktok_webapp' from origin 'https://www.tiktok.com' has been blocked by CORS policy: Response to preflight request doesn't pass access control check: No 'Access-Control-Allow-Origin' header is present on the requested resource.", source: https://www.tiktok.com/tag/NepaliCreator (0)
[0424/151628.468:INFO:CONSOLE:1] "Reflect is already polyfilled.", source: https://sf16-website-login.neutral.ttwstatic.com/obj/tiktok_web_login_static/tiktok/webapp/main/react-v18/webapp-desktop/static/js/webapp-desktop.f355f5fb.js (1)
[0424/151628.503:INFO:CONSOLE:1] "AppContext will be overwritten", source: https://sf16-website-login.neutral.ttwstatic.com/obj/tiktok_web_login_static/tiktok/webapp/main/react-v18/webapp-desktop/static/js/webapp-desktop.f355f5fb.js (1)
[0424/151628.503:INFO:CONSOLE:1] "AppContext will be overwritten", source: https://sf16-website-login.neutral.ttwstatic.com/obj/tiktok_web_login_static/tiktok/webapp/main/react-v18/webapp-desktop/static/js/webapp-desktop.f355f5fb.js (1)
[0424/151628.503:INFO:CONSOLE:1] "AppContext will be overwritten", source: https://sf16-website-login.neutral.ttwstatic.com/obj/tiktok_web_login_static/tiktok/webapp/main/react-v18/webapp-desktop/static/js/webapp-desktop.f355f5fb.js (1)
[0424/151628.503:INFO:CONSOLE:1] "AppContext will be overwritten", source: https://sf16-website-login.neutral.ttwstatic.com/obj/tiktok_web_login_static/tiktok/webapp/main/react-v18/webapp-desktop/static/js/webapp-desktop.f355f5fb.js (1)
[0424/151628.503:INFO:CONSOLE:1] "AppContext will be overwritten", source: https://sf16-website-login.neutral.ttwstatic.com/obj/tiktok_web_login_static/tiktok/webapp/main/react-v18/webapp-desktop/static/js/webapp-desktop.f355f5fb.js (1)
[0424/151628.505:INFO:CONSOLE:1] "AppContext will be overwritten", source: https://sf16-website-login.neutral.ttwstatic.com/obj/tiktok_web_login_static/tiktok/webapp/main/react-v18/webapp-desktop/static/js/webapp-desktop.f355f5fb.js (1)
[0424/151628.505:INFO:CONSOLE:1] "AppContext will be overwritten", source: https://sf16-website-login.neutral.ttwstatic.com/obj/tiktok_web_login_static/tiktok/webapp/main/react-v18/webapp-desktop/static/js/webapp-desktop.f355f5fb.js (1)
[0424/151628.505:INFO:CONSOLE:1] "AppContext will be overwritten", source: https://sf16-website-login.neutral.ttwstatic.com/obj/tiktok_web_login_static/tiktok/webapp/main/react-v18/webapp-desktop/static/js/webapp-desktop.f355f5fb.js (1)
[0424/151628.505:INFO:CONSOLE:1] "AppContext will be overwritten", source: https://sf16-website-login.neutral.ttwstatic.com/obj/tiktok_web_login_static/tiktok/webapp/main/react-v18/webapp-desktop/static/js/webapp-desktop.f355f5fb.js (1)
[0424/151628.512:INFO:CONSOLE:1] "AppContext will be overwritten", source: https://sf16-website-login.neutral.ttwstatic.com/obj/tiktok_web_login_static/tiktok/webapp/main/react-v18/webapp-desktop/static/js/webapp-desktop.f355f5fb.js (1)
[0424/151628.513:INFO:CONSOLE:1] "AppContext will be overwritten", source: https://sf16-website-login.neutral.ttwstatic.com/obj/tiktok_web_login_static/tiktok/webapp/main/react-v18/webapp-desktop/static/js/webapp-desktop.f355f5fb.js (1)
[0424/151628.513:INFO:CONSOLE:2] "loadable: `loadableReady()` requires state, please use `getScriptTags` or `getScriptElements` server-side", source: https://sf16-website-login.neutral.ttwstatic.com/obj/tiktok_web_login_static/tiktok/webapp/main/react-v18/webapp-desktop/static/js/85026.aba28444.js (2)
[0424/151628.559:INFO:CONSOLE:1] "Error: Unable to determine theme from timezone. Falling back to local time-based method. Error: Timezone "Asia/Katmandu" not found", source: https://sf16-website-login.neutral.ttwstatic.com/obj/tiktok_web_login_static/tiktok/webapp/main/react-v18/webapp-desktop/static/js/webapp-desktop.f355f5fb.js (1)
[0424/151628.605:INFO:CONSOLE:1] ".", source: https://sf16-website-login.neutral.ttwstatic.com/obj/tiktok_web_login_static/webmssdk/1.0.0.368/webmssdk.js (1)
[0424/151628.691:INFO:CONSOLE:1] "Error", source: https://sf16-website-login.neutral.ttwstatic.com/obj/tiktok_web_login_static/webmssdk/1.0.0.368/webmssdk.js (1)
[0424/151628.691:INFO:CONSOLE:1] "Error", source: https://sf16-website-login.neutral.ttwstatic.com/obj/tiktok_web_login_static/webmssdk/1.0.0.368/webmssdk.js (1)
[0424/151628.718:INFO:CONSOLE:1] "Error", source: https://sf16-website-login.neutral.ttwstatic.com/obj/tiktok_web_login_static/webmssdk/1.0.0.368/webmssdk.js (1)
[0424/151628.822:INFO:CONSOLE:1] "Error", source: https://sf16-website-login.neutral.ttwstatic.com/obj/tiktok_web_login_static/webmssdk/1.0.0.368/webmssdk.js (1)
[0424/151628.826:INFO:CONSOLE:2] "ws.opened", source: https://sf16-website-login.neutral.ttwstatic.com/obj/tiktok_web_login_static/tiktok/webapp/main/react-v18/webapp-desktop/static/js/async/64887.aa44c2fe.js (2)
[0424/151628.826:INFO:CONSOLE:1] "[SDK] 1777023088827        0 already inited", source: https://sf16-website-login.neutral.ttwstatic.com/obj/tiktok_web_login_static/slardar/fe/sdk-web/browser.sg.js?bid=tiktok_webapp&globalName=SlardarClient (1)
[0424/151629.780:INFO:CONSOLE:1] "Error", source: https://sf16-website-login.neutral.ttwstatic.com/obj/tiktok_web_login_static/ttweb_webmssdk_ex/1.0.0.2524/webmssdk_ex.js (1)
[0424/151629.864:INFO:CONSOLE:1] "Error", source: https://sf16-website-login.neutral.ttwstatic.com/obj/tiktok_web_login_static/ttweb_webmssdk_ex/1.0.0.2524/webmssdk_ex.js (1)
[0424/151630.589:INFO:CONSOLE:0] "Access to XMLHttpRequest at 'https://mon.tiktokv.com/monitor_browser/collect/batch/?biz_id=tiktok_webapp' from origin 'https://www.tiktok.com' has been blocked by CORS policy: Response to preflight request doesn't pass access control check: No 'Access-Control-Allow-Origin' header is present on the requested resource.", source: https://www.tiktok.com/tag/CreatorNepal (0)
[0424/151630.594:INFO:CONSOLE:0] "Access to XMLHttpRequest at 'https://mon.tiktokv.com/monitor_browser/collect/batch/' from origin 'https://www.tiktok.com' has been blocked by CORS policy: Response to preflight request doesn't pass access control check: No 'Access-Control-Allow-Origin' header is present on the requested resource.", source: https://www.tiktok.com/tag/CreatorNepal (0)
[0424/151630.594:INFO:CONSOLE:2] "Uncaught (in promise) TypeError: Network request failed, status: 0", source: https://sf16-website-login.neutral.ttwstatic.com/obj/tiktok_web_login_static/tiktok/webapp/main/react-v18/webapp-desktop/static/js/async/captcha-sg.109ea836.js (2)
[0424/151630.927:ERROR:content\browser\indexed_db\instance\leveldb\backing_store.cc:250] Failed to open LevelDB database from D:\Office_Project\Keywordscraper\tiktok_session\Default\IndexedDB\https_www.tiktok.com_0.indexeddb.leveldb,IO error: D:\Office_Project\Keywordscraper\tiktok_session\Default\IndexedDB\https_www.tiktok.com_0.indexeddb.leveldb/LOCK: Access denied. (ChromeMethodBFE: 15::LockFile::5)
[0424/151632.170:INFO:CONSOLE:0] "Access to fetch at 'https://mon.tiktokv.com/monitor_browser/collect/batch/?bid=tiktok_pns_web_runtime' from origin 'https://www.tiktok.com' has been blocked by CORS policy: Response to preflight request doesn't pass access control check: No 'Access-Control-Allow-Origin' header is present on the requested resource.", source: https://www.tiktok.com/tag/CreatorNepal (0)
[0424/151632.941:ERROR:content\browser\indexed_db\instance\leveldb\backing_store.cc:250] Failed to open LevelDB database from D:\Office_Project\Keywordscraper\tiktok_session\Default\IndexedDB\https_www.tiktok.com_0.indexeddb.leveldb,IO error: D:\Office_Project\Keywordscraper\tiktok_session\Default\IndexedDB\https_www.tiktok.com_0.indexeddb.leveldb/LOCK: Access denied. (ChromeMethodBFE: 15::LockFile::5)
[0424/151632.941:INFO:CONSOLE:2] "Dexie: Workaround for Chrome UnknownError on open()", source: https://sf16-website-login.neutral.ttwstatic.com/obj/tiktok_web_login_static/tiktok/webapp/main/react-v18/webapp-desktop/static/js/async/64887.aa44c2fe.js (2)
[0424/151634.953:ERROR:content\browser\indexed_db\instance\leveldb\backing_store.cc:250] Failed to open LevelDB database from D:\Office_Project\Keywordscraper\tiktok_session\Default\IndexedDB\https_www.tiktok.com_0.indexeddb.leveldb,IO error: D:\Office_Project\Keywordscraper\tiktok_session\Default\IndexedDB\https_www.tiktok.com_0.indexeddb.leveldb/LOCK: Access denied. (ChromeMethodBFE: 15::LockFile::5)
[0424/151636.970:ERROR:content\browser\indexed_db\instance\leveldb\backing_store.cc:250] Failed to open LevelDB database from D:\Office_Project\Keywordscraper\tiktok_session\Default\IndexedDB\https_www.tiktok.com_0.indexeddb.leveldb,IO error: D:\Office_Project\Keywordscraper\tiktok_session\Default\IndexedDB\https_www.tiktok.com_0.indexeddb.leveldb/LOCK: Access denied. (ChromeMethodBFE: 15::LockFile::5)
[0424/151636.971:INFO:CONSOLE:2] "Dexie: Workaround for Chrome UnknownError on open()", source: https://sf16-website-login.neutral.ttwstatic.com/obj/tiktok_web_login_static/tiktok/webapp/main/react-v18/webapp-desktop/static/js/async/64887.aa44c2fe.js (2)
[0424/151637.091:INFO:CONSOLE:0] "Access to XMLHttpRequest at 'https://mon.tiktokv.com/monitor_browser/collect/batch/?biz_id=pns_cookie_banner_slardar' from origin 'https://www.tiktok.com' has been blocked by CORS policy: Response to preflight request doesn't pass access control check: No 'Access-Control-Allow-Origin' header is present on the requested resource.", source: https://www.tiktok.com/tag/CreatorNepal (0)
[0424/151638.997:ERROR:content\browser\indexed_db\instance\leveldb\backing_store.cc:250] Failed to open LevelDB database from D:\Office_Project\Keywordscraper\tiktok_session\Default\IndexedDB\https_www.tiktok.com_0.indexeddb.leveldb,IO error: D:\Office_Project\Keywordscraper\tiktok_session\Default\IndexedDB\https_www.tiktok.com_0.indexeddb.leveldb/LOCK: Access denied. (ChromeMethodBFE: 15::LockFile::5)
[0424/151640.867:INFO:CONSOLE:1] "[object DOMException]", source: https://sf16-website-login.neutral.ttwstatic.com/obj/tiktok_web_login_static/tiktok/webapp/main/react-v18/webapp-desktop/static/js/async/24640.fe5b8c3d.js (1)
[0424/151641.014:ERROR:content\browser\indexed_db\instance\leveldb\backing_store.cc:250] Failed to open LevelDB database from D:\Office_Project\Keywordscraper\tiktok_session\Default\IndexedDB\https_www.tiktok.com_0.indexeddb.leveldb,IO error: D:\Office_Project\Keywordscraper\tiktok_session\Default\IndexedDB\https_www.tiktok.com_0.indexeddb.leveldb/LOCK: Access denied. (ChromeMethodBFE: 15::LockFile::5)
[0424/151642.385:INFO:CONSOLE:0] "Access to XMLHttpRequest at 'https://mon.tiktokv.com/monitor_browser/collect/batch/?biz_id=tiktok_webapp' from origin 'https://www.tiktok.com' has been blocked by CORS policy: Response to preflight request doesn't pass access control check: No 'Access-Control-Allow-Origin' header is present on the requested resource.", source: https://www.tiktok.com/tag/CreatorNepal (0)
[0424/151643.047:ERROR:content\browser\indexed_db\instance\leveldb\backing_store.cc:250] Failed to open LevelDB database from D:\Office_Project\Keywordscraper\tiktok_session\Default\IndexedDB\https_www.tiktok.com_0.indexeddb.leveldb,IO error: D:\Office_Project\Keywordscraper\tiktok_session\Default\IndexedDB\https_www.tiktok.com_0.indexeddb.leveldb/LOCK: Access denied. (ChromeMethodBFE: 15::LockFile::5)
[0424/151645.061:ERROR:content\browser\indexed_db\instance\leveldb\backing_store.cc:250] Failed to open LevelDB database from D:\Office_Project\Keywordscraper\tiktok_session\Default\IndexedDB\https_www.tiktok.com_0.indexeddb.leveldb,IO error: D:\Office_Project\Keywordscraper\tiktok_session\Default\IndexedDB\https_www.tiktok.com_0.indexeddb.leveldb/LOCK: Access denied. (ChromeMethodBFE: 15::LockFile::5)
[0424/151645.062:INFO:CONSOLE:2] "Dexie: Workaround for Chrome UnknownError on open()", source: https://sf16-website-login.neutral.ttwstatic.com/obj/tiktok_web_login_static/tiktok/webapp/main/react-v18/webapp-desktop/static/js/async/64887.aa44c2fe.js (2)
[0424/151647.081:ERROR:content\browser\indexed_db\instance\leveldb\backing_store.cc:250] Failed to open LevelDB database from D:\Office_Project\Keywordscraper\tiktok_session\Default\IndexedDB\https_www.tiktok.com_0.indexeddb.leveldb,IO error: D:\Office_Project\Keywordscraper\tiktok_session\Default\IndexedDB\https_www.tiktok.com_0.indexeddb.leveldb/LOCK: Access denied. (ChromeMethodBFE: 15::LockFile::5)
[0424/151649.102:ERROR:content\browser\indexed_db\instance\leveldb\backing_store.cc:250] Failed to open LevelDB database from D:\Office_Project\Keywordscraper\tiktok_session\Default\IndexedDB\https_www.tiktok.com_0.indexeddb.leveldb,IO error: D:\Office_Project\Keywordscraper\tiktok_session\Default\IndexedDB\https_www.tiktok.com_0.indexeddb.leveldb/LOCK: Access denied. (ChromeMethodBFE: 15::LockFile::5)
[0424/151650.418:INFO:CONSOLE:0] "Access to XMLHttpRequest at 'https://mon.tiktokv.com/monitor_browser/collect/batch/?biz_id=tiktok_webapp' from origin 'https://www.tiktok.com' has been blocked by CORS policy: Response to preflight request doesn't pass access control check: No 'Access-Control-Allow-Origin' header is present on the requested resource.", source: https://www.tiktok.com/tag/CreatorNepal (0)
[0424/151658.519:INFO:CONSOLE:1] "error Error: Timeout", source: https://sf16-website-login.neutral.ttwstatic.com/obj/tiktok_web_login_static/tiktok/webapp/main/react-v18/webapp-desktop/static/js/webapp-desktop.f355f5fb.js (1)
[0424/151700.106:INFO:CONSOLE:0] "Access to XMLHttpRequest at 'https://mon.tiktokv.com/monitor_browser/collect/batch/?biz_id=tiktok_webapp' from origin 'https://www.tiktok.com' has been blocked by CORS policy: Response to preflight request doesn't pass access control check: No 'Access-Control-Allow-Origin' header is present on the requested resource.", source: https://www.tiktok.com/tag/CreatorNepal (0)
[0424/151730.126:INFO:CONSOLE:0] "Access to XMLHttpRequest at 'https://mon.tiktokv.com/monitor_browser/collect/batch/?biz_id=tiktok_webapp' from origin 'https://www.tiktok.com' has been blocked by CORS policy: Response to preflight request doesn't pass access control check: No 'Access-Control-Allow-Origin' header is present on the requested resource.", source: https://www.tiktok.com/tag/CreatorNepal (0)
